2024-12-15 03:37:30,297 - INFO - Starting training for gbdt model with classification task.
2024-12-15 03:37:30,297 - INFO - Using 5-fold cross-validation.
2024-12-15 03:37:30,297 - INFO - Model Hyperparameters:
2024-12-15 03:37:30,297 - INFO -   task: classification
2024-12-15 03:37:30,297 - INFO -   gbdt_params: {'ccp_alpha': 0.0, 'criterion': 'friedman_mse', 'init': None, 'learning_rate': 0.1, 'loss': 'log_loss', 'max_depth': 3, 'max_features': None, 'max_leaf_nodes': None, 'min_impurity_decrease': 0.0, 'min_samples_leaf': 1, 'min_samples_split': 2, 'min_weight_fraction_leaf': 0.0, 'n_estimators': 100, 'n_iter_no_change': None, 'random_state': 42, 'subsample': 1.0, 'tol': 0.0001, 'validation_fraction': 0.1, 'verbose': 0, 'warm_start': False}
2024-12-15 03:37:34,412 - INFO - Cross-validation scores: [0.57512116 0.57996769 0.58252427 0.56957929 0.61326861]
2024-12-15 03:37:34,412 - INFO - Mean CV score: 0.5841
2024-12-15 03:37:35,400 - INFO - Negative Log-Loss: 0.8740
2024-12-15 03:37:35,400 - INFO - Classification Report:
              precision    recall  f1-score   support

          -2       0.38      0.12      0.19        40
          -1       0.65      0.57      0.61       395
           0       0.59      0.75      0.66       634
           1       0.58      0.37      0.45       257

    accuracy                           0.60      1326
   macro avg       0.55      0.45      0.48      1326
weighted avg       0.60      0.60      0.59      1326

2024-12-15 03:37:35,400 - INFO - Test Accuracy: 0.6041
2024-12-15 05:22:46,540 - INFO - Starting training for gbdt model with classification task.
2024-12-15 05:22:46,540 - INFO - Using 5-fold cross-validation.
2024-12-15 05:22:46,540 - INFO - Model Hyperparameters:
2024-12-15 05:22:46,540 - INFO -   task: classification
2024-12-15 05:22:46,540 - INFO -   gbdt_params: {'ccp_alpha': 0.0, 'criterion': 'friedman_mse', 'init': None, 'learning_rate': 0.1, 'loss': 'log_loss', 'max_depth': 3, 'max_features': None, 'max_leaf_nodes': None, 'min_impurity_decrease': 0.0, 'min_samples_leaf': 1, 'min_samples_split': 2, 'min_weight_fraction_leaf': 0.0, 'n_estimators': 100, 'n_iter_no_change': None, 'random_state': 42, 'subsample': 1.0, 'tol': 0.0001, 'validation_fraction': 0.1, 'verbose': 0, 'warm_start': False}
2024-12-15 05:22:50,685 - INFO - Cross-validation scores: [0.57512116 0.57996769 0.58252427 0.56957929 0.61326861]
2024-12-15 05:22:50,685 - INFO - Mean CV score: 0.5841
2024-12-15 05:22:51,679 - INFO - Negative Log-Loss: 0.8740
2024-12-15 05:22:51,679 - INFO - Classification Report:
              precision    recall  f1-score   support

           4       0.38      0.12      0.19        40
           5       0.65      0.57      0.61       395
           6       0.59      0.75      0.66       634
           7       0.58      0.37      0.45       257

    accuracy                           0.60      1326
   macro avg       0.55      0.45      0.48      1326
weighted avg       0.60      0.60      0.59      1326

2024-12-15 05:22:51,679 - INFO - Test Accuracy: 0.6041
2024-12-15 06:15:57,021 - INFO - Starting training for gbdt model with classification task.
2024-12-15 06:15:57,022 - INFO - Using 5-fold cross-validation.
2024-12-15 06:15:57,022 - INFO - Model Hyperparameters:
2024-12-15 06:15:57,022 - INFO -   task: classification
2024-12-15 06:15:57,022 - INFO -   gbdt_params: {'ccp_alpha': 0.0, 'criterion': 'friedman_mse', 'init': None, 'learning_rate': 0.1, 'loss': 'log_loss', 'max_depth': 3, 'max_features': None, 'max_leaf_nodes': None, 'min_impurity_decrease': 0.0, 'min_samples_leaf': 1, 'min_samples_split': 2, 'min_weight_fraction_leaf': 0.0, 'n_estimators': 100, 'n_iter_no_change': None, 'random_state': 42, 'subsample': 1.0, 'tol': 0.0001, 'validation_fraction': 0.1, 'verbose': 0, 'warm_start': False}
2024-12-15 06:15:57,029 - INFO - Applied SMOTE with sampling_strategy={4: 1500, 7: 1500}. Resampled class distribution: [   0    0    0    0 1500  934 1461 1500]
2024-12-15 06:16:07,136 - INFO - Cross-validation scores: [0.6802595  0.70806302 0.68489342 0.69138091 0.69972196]
2024-12-15 06:16:07,137 - INFO - Mean CV score: 0.6929
2024-12-15 06:16:09,638 - INFO - Negative Log-Loss: 0.9940
2024-12-15 06:16:09,638 - INFO - Classification Report:
              precision    recall  f1-score   support

           4       0.15      0.50      0.23        40
           5       0.68      0.47      0.56       395
           6       0.62      0.55      0.59       634
           7       0.45      0.63      0.52       257

    accuracy                           0.54      1326
   macro avg       0.48      0.54      0.47      1326
weighted avg       0.59      0.54      0.55      1326

2024-12-15 06:16:09,638 - INFO - Test Accuracy: 0.5407
2024-12-15 06:18:33,235 - INFO - Starting training for gbdt model with classification task.
2024-12-15 06:18:33,235 - INFO - Using 5-fold cross-validation.
2024-12-15 06:18:33,235 - INFO - Model Hyperparameters:
2024-12-15 06:18:33,235 - INFO -   task: classification
2024-12-15 06:18:33,235 - INFO -   gbdt_params: {'ccp_alpha': 0.0, 'criterion': 'friedman_mse', 'init': None, 'learning_rate': 0.1, 'loss': 'log_loss', 'max_depth': 3, 'max_features': None, 'max_leaf_nodes': None, 'min_impurity_decrease': 0.0, 'min_samples_leaf': 1, 'min_samples_split': 2, 'min_weight_fraction_leaf': 0.0, 'n_estimators': 100, 'n_iter_no_change': None, 'random_state': 42, 'subsample': 1.0, 'tol': 0.0001, 'validation_fraction': 0.1, 'verbose': 0, 'warm_start': False}
2024-12-15 06:18:37,362 - INFO - Cross-validation scores: [0.57512116 0.57996769 0.5776699  0.57119741 0.61326861]
2024-12-15 06:18:37,363 - INFO - Mean CV score: 0.5834
2024-12-15 06:18:38,357 - INFO - Negative Log-Loss: 0.8736
2024-12-15 06:18:38,357 - INFO - Classification Report:
              precision    recall  f1-score   support

           4       0.36      0.12      0.19        40
           5       0.65      0.57      0.61       395
           6       0.59      0.75      0.66       634
           7       0.58      0.37      0.45       257

    accuracy                           0.60      1326
   macro avg       0.55      0.45      0.48      1326
weighted avg       0.60      0.60      0.59      1326

2024-12-15 06:18:38,357 - INFO - Test Accuracy: 0.6048
2024-12-20 04:27:14,781 - INFO - Starting training for gbdt model with classification task.
2024-12-20 04:27:14,781 - INFO - Using 5-fold cross-validation.
2024-12-20 04:27:14,781 - INFO - Model Hyperparameters:
2024-12-20 04:27:14,781 - INFO -   task: classification
2024-12-20 04:27:14,782 - INFO -   gbdt_params: {'ccp_alpha': 0.0, 'criterion': 'friedman_mse', 'init': None, 'learning_rate': 0.1, 'loss': 'log_loss', 'max_depth': 3, 'max_features': None, 'max_leaf_nodes': None, 'min_impurity_decrease': 0.0, 'min_samples_leaf': 1, 'min_samples_split': 2, 'min_weight_fraction_leaf': 0.0, 'n_estimators': 100, 'n_iter_no_change': None, 'random_state': 42, 'subsample': 1.0, 'tol': 0.0001, 'validation_fraction': 0.1, 'verbose': 0, 'warm_start': False}
2024-12-20 04:27:22,171 - INFO - Cross-validation scores: [0.57763975 0.58229814 0.54432348 0.59097978 0.59564541]
2024-12-20 04:27:22,171 - INFO - Mean CV score: 0.5782
2024-12-20 04:27:23,934 - INFO - Negative Log-Loss: 1.0660
2024-12-20 04:27:23,934 - INFO - Classification Report:
              precision    recall  f1-score   support

           2       0.33      0.25      0.29         4
           3       0.22      0.05      0.09        38
           5       0.60      0.56      0.58       419
           6       0.55      0.70      0.62       625
           7       0.54      0.35      0.42       251
           8       0.69      0.28      0.39        40
           9       0.00      0.00      0.00         2

    accuracy                           0.56      1379
   macro avg       0.42      0.31      0.34      1379
weighted avg       0.56      0.56      0.55      1379

2024-12-20 04:27:23,934 - INFO - Test Accuracy: 0.5627
2024-12-20 04:27:23,934 - INFO - Tolerance Accuracy (T=1.0): 0.9347
2024-12-20 04:29:47,184 - INFO - Starting training for gbdt model with classification task.
2024-12-20 04:29:47,184 - INFO - Using 5-fold cross-validation.
2024-12-20 04:29:47,184 - INFO - Model Hyperparameters:
2024-12-20 04:29:47,184 - INFO -   task: classification
2024-12-20 04:29:47,184 - INFO -   gbdt_params: {'ccp_alpha': 0.0, 'criterion': 'friedman_mse', 'init': None, 'learning_rate': 0.1, 'loss': 'log_loss', 'max_depth': 3, 'max_features': None, 'max_leaf_nodes': None, 'min_impurity_decrease': 0.0, 'min_samples_leaf': 1, 'min_samples_split': 2, 'min_weight_fraction_leaf': 0.0, 'n_estimators': 100, 'n_iter_no_change': None, 'random_state': 42, 'subsample': 1.0, 'tol': 0.0001, 'validation_fraction': 0.1, 'verbose': 0, 'warm_start': False}
2024-12-20 04:29:54,621 - INFO - Cross-validation scores: [0.57763975 0.58229814 0.54432348 0.59097978 0.59564541]
2024-12-20 04:29:54,621 - INFO - Mean CV score: 0.5782
2024-12-20 04:29:56,410 - INFO - Negative Log-Loss: 1.0660
2024-12-20 04:29:56,410 - INFO - Classification Report:
              precision    recall  f1-score   support

           2       0.33      0.25      0.29         4
           3       0.22      0.05      0.09        38
           5       0.60      0.56      0.58       419
           6       0.55      0.70      0.62       625
           7       0.54      0.35      0.42       251
           8       0.69      0.28      0.39        40
           9       0.00      0.00      0.00         2

    accuracy                           0.56      1379
   macro avg       0.42      0.31      0.34      1379
weighted avg       0.56      0.56      0.55      1379

2024-12-20 04:29:56,410 - INFO - Test Accuracy: 0.5627
2024-12-20 04:29:56,410 - INFO - Tolerance Accuracy (T=1.0): 0.9347
