2024-12-15 03:37:54,564 - INFO - Starting training for lightgbm model with classification task.
2024-12-15 03:37:54,564 - INFO - Using 5-fold cross-validation.
2024-12-15 03:37:54,564 - INFO - Model Hyperparameters:
2024-12-15 03:37:54,564 - INFO -   task: classification
2024-12-15 03:37:54,564 - INFO -   lgbm_params: {'boosting_type': 'gbdt', 'class_weight': None, 'colsample_bytree': 0.8, 'importance_type': 'split', 'learning_rate': 0.1, 'max_depth': -1, 'min_child_samples': 20, 'min_child_weight': 0.001, 'min_split_gain': 0.0, 'n_estimators': 100, 'n_jobs': None, 'num_leaves': 31, 'objective': None, 'random_state': 42, 'reg_alpha': 0.0, 'reg_lambda': 0.0, 'subsample': 0.8, 'subsample_for_bin': 200000, 'subsample_freq': 0}
2024-12-15 03:37:55,091 - INFO - Cross-validation scores: [0.60258481 0.65266559 0.61488673 0.5987055  0.62944984]
2024-12-15 03:37:55,091 - INFO - Mean CV score: 0.6197
2024-12-15 03:37:55,207 - INFO - Negative Log-Loss: 0.8437
2024-12-15 03:37:55,207 - INFO - Classification Report:
              precision    recall  f1-score   support

          -2       0.78      0.17      0.29        40
          -1       0.68      0.65      0.66       395
           0       0.64      0.73      0.68       634
           1       0.64      0.54      0.59       257

    accuracy                           0.65      1326
   macro avg       0.68      0.52      0.55      1326
weighted avg       0.66      0.65      0.65      1326

2024-12-15 03:37:55,207 - INFO - Test Accuracy: 0.6531
2024-12-15 05:23:53,690 - INFO - Starting training for lightgbm model with classification task.
2024-12-15 05:23:53,690 - INFO - Using 5-fold cross-validation.
2024-12-15 05:23:53,690 - INFO - Model Hyperparameters:
2024-12-15 05:23:53,690 - INFO -   task: classification
2024-12-15 05:23:53,690 - INFO -   lgbm_params: {'boosting_type': 'gbdt', 'class_weight': None, 'colsample_bytree': 0.8, 'importance_type': 'split', 'learning_rate': 0.1, 'max_depth': -1, 'min_child_samples': 20, 'min_child_weight': 0.001, 'min_split_gain': 0.0, 'n_estimators': 100, 'n_jobs': None, 'num_leaves': 31, 'objective': None, 'random_state': 42, 'reg_alpha': 0.0, 'reg_lambda': 0.0, 'subsample': 0.8, 'subsample_for_bin': 200000, 'subsample_freq': 0}
2024-12-15 05:23:54,235 - INFO - Cross-validation scores: [0.60258481 0.65266559 0.61488673 0.5987055  0.62944984]
2024-12-15 05:23:54,235 - INFO - Mean CV score: 0.6197
2024-12-15 05:23:54,350 - INFO - Negative Log-Loss: 0.8437
2024-12-15 05:23:54,351 - INFO - Classification Report:
              precision    recall  f1-score   support

           4       0.78      0.17      0.29        40
           5       0.68      0.65      0.66       395
           6       0.64      0.73      0.68       634
           7       0.64      0.54      0.59       257

    accuracy                           0.65      1326
   macro avg       0.68      0.52      0.55      1326
weighted avg       0.66      0.65      0.65      1326

2024-12-15 05:23:54,351 - INFO - Test Accuracy: 0.6531
