2024-12-15 03:50:08,049 - INFO - Starting training for Naive Bayes model: gaussian classifier
2024-12-15 03:50:08,050 - INFO - Model hyperparameters: {'priors': None, 'var_smoothing': 1e-07}
2024-12-15 03:50:08,054 - INFO - Negative Log-Loss: 1.0886
2024-12-15 03:50:08,057 - INFO - Classification Report:
              precision    recall  f1-score   support

          -2       1.00      0.00      0.00        40
          -1       0.53      0.67      0.59       395
           0       0.56      0.48      0.52       634
           1       0.45      0.49      0.47       257

    accuracy                           0.52      1326
   macro avg       0.63      0.41      0.39      1326
weighted avg       0.54      0.52      0.51      1326

2024-12-15 03:50:08,058 - INFO - Test Accuracy: 0.5241
2024-12-15 03:50:08,058 - INFO - Class distribution:
quality
 0    2095
-1    1329
 1     875
-2     119
Name: count, dtype: int64
2024-12-15 05:31:24,296 - INFO - Starting training for Naive Bayes model: gaussian classifier
2024-12-15 05:31:24,296 - INFO - Model hyperparameters: {'priors': None, 'var_smoothing': 1e-07}
2024-12-15 05:31:24,301 - INFO - Negative Log-Loss: 1.0886
2024-12-15 05:31:24,304 - INFO - Classification Report:
              precision    recall  f1-score   support

           4       1.00      0.00      0.00        40
           5       0.53      0.67      0.59       395
           6       0.56      0.48      0.52       634
           7       0.45      0.49      0.47       257

    accuracy                           0.52      1326
   macro avg       0.63      0.41      0.39      1326
weighted avg       0.54      0.52      0.51      1326

2024-12-15 05:31:24,304 - INFO - Test Accuracy: 0.5241
2024-12-15 05:31:24,305 - INFO - Class distribution:
6    2095
5    1329
7     875
4     119
Name: count, dtype: int64
2024-12-20 04:38:00,470 - INFO - Starting training for Naive Bayes model: gaussian classifier
2024-12-20 04:38:00,471 - INFO - Model hyperparameters: {'priors': None, 'var_smoothing': 1e-07}
2024-12-20 04:38:00,475 - INFO - Negative Log-Loss: 1.2991
2024-12-20 04:38:00,479 - INFO - Classification Report:
              precision    recall  f1-score   support

           2       0.00      0.00      0.00         4
           3       0.25      0.03      0.05        38
           5       0.50      0.63      0.56       419
           6       0.52      0.45      0.48       625
           7       0.40      0.45      0.42       251
           8       0.00      0.00      0.00        40
           9       0.00      0.00      0.00         2

    accuracy                           0.48      1379
   macro avg       0.24      0.22      0.22      1379
weighted avg       0.46      0.48      0.47      1379

2024-12-20 04:38:00,481 - INFO - Test Accuracy: 0.4801
2024-12-20 04:38:00,481 - INFO - Tolerance Accuracy (T=1.0): 0.9137
2024-12-20 04:38:00,481 - INFO - Class distribution:
6    2095
5    1329
7     875
8     162
3     119
2      11
9       5
Name: count, dtype: int64
