2024-12-07 00:08:33,929 - INFO - Starting training for lightgbm model with classification task.
2024-12-07 00:08:33,929 - INFO - Using 5-fold cross-validation.
2024-12-07 00:08:33,929 - INFO - Model Hyperparameters:
2024-12-07 00:08:33,929 - INFO -   task: classification
2024-12-07 00:08:33,929 - INFO -   lgbm_params: {'boosting_type': 'gbdt', 'class_weight': None, 'colsample_bytree': 0.8, 'importance_type': 'split', 'learning_rate': 0.1, 'max_depth': -1, 'min_child_samples': 20, 'min_child_weight': 0.001, 'min_split_gain': 0.0, 'n_estimators': 100, 'n_jobs': None, 'num_leaves': 31, 'objective': None, 'random_state': 42, 'reg_alpha': 0.0, 'reg_lambda': 0.0, 'subsample': 0.8, 'subsample_for_bin': 200000, 'subsample_freq': 0}
2024-12-07 00:12:03,245 - INFO - Starting training for lightgbm model with classification task.
2024-12-07 00:12:03,245 - INFO - Using 5-fold cross-validation.
2024-12-07 00:12:03,245 - INFO - Model Hyperparameters:
2024-12-07 00:12:03,246 - INFO -   task: classification
2024-12-07 00:12:03,246 - INFO -   lgbm_params: {'boosting_type': 'gbdt', 'class_weight': None, 'colsample_bytree': 0.8, 'importance_type': 'split', 'learning_rate': 0.1, 'max_depth': -1, 'min_child_samples': 20, 'min_child_weight': 0.001, 'min_split_gain': 0.0, 'n_estimators': 100, 'n_jobs': None, 'num_leaves': 31, 'objective': None, 'random_state': 42, 'reg_alpha': 0.0, 'reg_lambda': 0.0, 'subsample': 0.8, 'subsample_for_bin': 200000, 'subsample_freq': 0}
2024-12-07 00:12:04,416 - INFO - Cross-validation scores: [0.63076923 0.63956044 0.65126513 0.64246425 0.63146315]
2024-12-07 00:12:04,416 - INFO - Mean CV score: 0.6391
2024-12-07 00:12:04,650 - INFO - Negative Log-Loss: 0.9401
2024-12-07 00:12:04,650 - INFO - Classification Report:
              precision    recall  f1-score   support

           3       0.00      0.00      0.00         9
           4       0.55      0.17      0.26        69
           5       0.64      0.70      0.67       613
           6       0.65      0.70      0.68       894
           7       0.64      0.55      0.59       315
           8       0.77      0.35      0.48        49
           9       1.00      0.00      0.00         1

    accuracy                           0.65      1950
   macro avg       0.61      0.35      0.38      1950
weighted avg       0.64      0.65      0.64      1950

2024-12-07 00:12:04,650 - INFO - Test Accuracy: 0.6467
